2025-11-05 03:33:32,199 - INFO - 优化器设置完成: adam
2025-11-05 03:33:32,200 - INFO - 直接训练器初始化完成
2025-11-05 03:33:32,200 - INFO - 设备: cuda
2025-11-05 03:33:32,200 - INFO - 保存目录: results/direct_training_20251105_033330/1_results
2025-11-05 03:33:32,200 - INFO - 配置: {
  "training": {
    "lr": 0.001,
    "epochs": 50000,
    "optimizer": "adam",
    "lr_scheduler": "plateau",
    "lr_decay_rate": 0.95,
    "lr_decay_steps": 10000,
    "omega2_init": 1.0,
    "alpha": 10.0,
    "beta": 0.0001,
    "verbose": 1,
    "save_interval": 1000,
    "early_stopping": false,
    "patience": 1000,
    "min_delta": 1e-06
  },
  "data": {
    "N_f": 5000,
    "N_b": 200,
    "N_test": 1000,
    "domain": [
      0,
      1
    ]
  },
  "equation": {
    "T": 600,
    "v": 50
  }
}
2025-11-05 03:33:32,200 - INFO - 一阶特征值训练配置: epochs=50000, lr=0.001, omega2_init=100.0
2025-11-05 03:33:32,200 - INFO - 分阶训练器初始化完成，当前训练第1阶特征值
2025-11-05 03:52:40,047 - INFO - 已加载最佳模型
2025-11-05 03:52:40,047 - INFO - 训练完成，总耗时: 1147.85秒
2025-11-05 03:52:40,048 - INFO - 最佳损失: 8.484179 (第49946轮)
2025-11-05 03:52:40,443 - INFO - 训练历史已保存到: results/direct_training_20251105_033330/1_results/history/training_history.json
